2014-04-24 10:57:25,956 [main            ] [          ] INFO  org.eclipse.jetty.server.Server - jetty-8.1.8.v20121106
2014-04-24 10:57:26,787 [main            ] [          ] INFO  restx.RestxMainRouterFactory - LOADING MAIN ROUTER
2014-04-24 10:57:26,788 [main            ] [          ] INFO  restx.RestxMainRouterFactory - 
--------------------------------------
 -- RESTX >> LOAD ON REQUEST << >> DEV MODE << >> AUTO COMPILE <<
 -- for admin console,
 --   VISIT http://127.0.0.1:8080/hadoop/v1/@/ui/
 --

2014-04-24 10:57:29,014 [pool-1-thread-1 ] [          ] INFO  restx.classloader.CompilationManager - compilation finished: 5 sources compiled in 1,957 s
2014-04-24 10:57:29,398 [main            ] [          ] INFO  restx.classloader.CompilationManager - watching for changes in [src/main/java, src/main/resources]; current location is /home/cesga/albertoep/project/restcloud/.
2014-04-24 10:57:29,440 [main            ] [          ] INFO  restx.monitor.MetricsConfiguration - registering Metrics JVM metrics
2014-04-24 10:57:46,728 [qtp1052539117-20] [          ] INFO  o.h.validator.internal.util.Version - HV000001: Hibernate Validator 5.0.1.Final
2014-04-24 10:57:46,847 [qtp1052539117-20] [          ] INFO  restx.RestxMainRouterFactory - [RESTX REQUEST] GET  - per request factory created in 667,5 ms
2014-04-24 10:57:46,859 [qtp1052539117-20] [          ] INFO  restx.StdRestxMainRouter - << [RESTX REQUEST] GET  >> NOT_FOUND - 11,79 ms
2014-04-24 10:57:50,402 [qtp1052539117-20] [          ] WARN  restx.StdRestxMainRouter - request raised IllegalStateException: query param who is required
java.lang.IllegalStateException: query param who is required
	at restx.common.MorePreconditions.checkPresent(MorePreconditions.java:19) ~[restx-common-0.32.jar:na]
	at restcloud.rest.HelloResourceRouter$2.doRoute(HelloResourceRouter.java:71) ~[classes/:na]
	at restcloud.rest.HelloResourceRouter$2.doRoute(HelloResourceRouter.java:67) ~[classes/:na]
	at restx.entity.StdEntityRoute.handle(StdEntityRoute.java:118) ~[restx-core-0.32.jar:na]
	at restx.RestxHandlerMatch.handle(RestxHandlerMatch.java:56) ~[restx-core-0.32.jar:na]
	at restx.ResponseCloserFilter.handle(ResponseCloserFilter.java:28) ~[restx-core-0.32.jar:na]
	at restx.RestxHandlerMatch.handle(RestxHandlerMatch.java:56) ~[restx-core-0.32.jar:na]
	at restx.CacheFilter$1.handle(CacheFilter.java:40) ~[restx-core-0.32.jar:na]
	at restx.RestxHandlerMatch.handle(RestxHandlerMatch.java:56) ~[restx-core-0.32.jar:na]
	at restx.security.RestxSessionLogFilter.handle(RestxSessionLogFilter.java:45) ~[restx-core-0.32.jar:na]
	at restx.RestxHandlerMatch.handle(RestxHandlerMatch.java:56) ~[restx-core-0.32.jar:na]
	at restx.security.RestxSessionCookieFilter.handle(RestxSessionCookieFilter.java:99) ~[restx-core-0.32.jar:na]
	at restx.RestxHandlerMatch.handle(RestxHandlerMatch.java:56) ~[restx-core-0.32.jar:na]
	at restx.StdRestxMainRouter.route(StdRestxMainRouter.java:133) ~[restx-core-0.32.jar:na]
	at restx.RestxMainRouterFactory$PerRequestFactoryLoader.route(RestxMainRouterFactory.java:217) [restx-core-0.32.jar:na]
	at restx.RestxMainRouterFactory$RecordingMainRouter.route(RestxMainRouterFactory.java:174) [restx-core-0.32.jar:na]
	at restx.RestxMainRouterFactory$CompilationManagerRouter.route(RestxMainRouterFactory.java:326) [restx-core-0.32.jar:na]
	at restx.servlet.AbstractRestxMainRouterServlet.service(AbstractRestxMainRouterServlet.java:48) [restx-servlet-0.32.jar:na]
	at javax.servlet.http.HttpServlet.service(HttpServlet.java:848) [javax.servlet-3.0.0.v201112011016.jar:na]
	at org.eclipse.jetty.servlet.ServletHolder.handle(ServletHolder.java:669) [jetty-servlet-8.1.8.v20121106.jar:8.1.8.v20121106]
	at org.eclipse.jetty.servlet.ServletHandler.doHandle(ServletHandler.java:455) [jetty-servlet-8.1.8.v20121106.jar:8.1.8.v20121106]
	at org.eclipse.jetty.server.handler.ScopedHandler.handle(ScopedHandler.java:137) [jetty-server-8.1.8.v20121106.jar:8.1.8.v20121106]
	at org.eclipse.jetty.security.SecurityHandler.handle(SecurityHandler.java:536) [jetty-security-8.1.8.v20121106.jar:8.1.8.v20121106]
	at org.eclipse.jetty.server.session.SessionHandler.doHandle(SessionHandler.java:231) [jetty-server-8.1.8.v20121106.jar:8.1.8.v20121106]
	at org.eclipse.jetty.server.handler.ContextHandler.doHandle(ContextHandler.java:1072) [jetty-server-8.1.8.v20121106.jar:8.1.8.v20121106]
	at org.eclipse.jetty.servlet.ServletHandler.doScope(ServletHandler.java:382) [jetty-servlet-8.1.8.v20121106.jar:8.1.8.v20121106]
	at org.eclipse.jetty.server.session.SessionHandler.doScope(SessionHandler.java:193) [jetty-server-8.1.8.v20121106.jar:8.1.8.v20121106]
	at org.eclipse.jetty.server.handler.ContextHandler.doScope(ContextHandler.java:1006) [jetty-server-8.1.8.v20121106.jar:8.1.8.v20121106]
	at org.eclipse.jetty.server.handler.ScopedHandler.handle(ScopedHandler.java:135) [jetty-server-8.1.8.v20121106.jar:8.1.8.v20121106]
	at org.eclipse.jetty.server.handler.HandlerList.handle(HandlerList.java:52) [jetty-server-8.1.8.v20121106.jar:8.1.8.v20121106]
	at org.eclipse.jetty.server.handler.HandlerCollection.handle(HandlerCollection.java:154) [jetty-server-8.1.8.v20121106.jar:8.1.8.v20121106]
	at org.eclipse.jetty.server.handler.HandlerWrapper.handle(HandlerWrapper.java:116) [jetty-server-8.1.8.v20121106.jar:8.1.8.v20121106]
	at org.eclipse.jetty.server.Server.handle(Server.java:365) [jetty-server-8.1.8.v20121106.jar:8.1.8.v20121106]
	at org.eclipse.jetty.server.AbstractHttpConnection.handleRequest(AbstractHttpConnection.java:485) [jetty-server-8.1.8.v20121106.jar:8.1.8.v20121106]
	at org.eclipse.jetty.server.AbstractHttpConnection.headerComplete(AbstractHttpConnection.java:926) [jetty-server-8.1.8.v20121106.jar:8.1.8.v20121106]
	at org.eclipse.jetty.server.AbstractHttpConnection$RequestHandler.headerComplete(AbstractHttpConnection.java:988) [jetty-server-8.1.8.v20121106.jar:8.1.8.v20121106]
	at org.eclipse.jetty.http.HttpParser.parseNext(HttpParser.java:635) [jetty-http-8.1.8.v20121106.jar:8.1.8.v20121106]
	at org.eclipse.jetty.http.HttpParser.parseAvailable(HttpParser.java:235) [jetty-http-8.1.8.v20121106.jar:8.1.8.v20121106]
	at org.eclipse.jetty.server.AsyncHttpConnection.handle(AsyncHttpConnection.java:82) [jetty-server-8.1.8.v20121106.jar:8.1.8.v20121106]
	at org.eclipse.jetty.io.nio.SelectChannelEndPoint.handle(SelectChannelEndPoint.java:628) [jetty-io-8.1.8.v20121106.jar:8.1.8.v20121106]
	at org.eclipse.jetty.io.nio.SelectChannelEndPoint$1.run(SelectChannelEndPoint.java:52) [jetty-io-8.1.8.v20121106.jar:8.1.8.v20121106]
	at org.eclipse.jetty.util.thread.QueuedThreadPool.runJob(QueuedThreadPool.java:608) [jetty-util-8.1.8.v20121106.jar:8.1.8.v20121106]
	at org.eclipse.jetty.util.thread.QueuedThreadPool$3.run(QueuedThreadPool.java:543) [jetty-util-8.1.8.v20121106.jar:8.1.8.v20121106]
	at java.lang.Thread.run(Thread.java:745) [na:1.7.0_55]
2014-04-24 10:57:50,404 [qtp1052539117-20] [          ] INFO  restx.StdRestxMainRouter - << [RESTX REQUEST] GET /hello >> BAD_REQUEST - 12,74 ms
2014-04-24 10:57:57,130 [qtp1052539117-20] [          ] INFO  restx.StdRestxMainRouter - << [RESTX REQUEST] GET /hello ? who=Foo >> OK - 70,65 ms
2014-04-24 10:58:01,151 [qtp1052539117-20] [          ] INFO  restx.StdRestxMainRouter - << [RESTX REQUEST] GET /hello ? who=Foo >> OK - 1,213 ms
2014-04-24 10:58:11,169 [Thread-1        ] [          ] INFO  o.e.jetty.util.thread.ShutdownThread - shutdown already commenced
